<?xml version="1.0" encoding="UTF-8"?>
<testsuite name="service.ScoreboardServiceTest" tests="1" skipped="0" failures="0" errors="0" timestamp="2022-05-03T22:15:37" hostname="LAPTOP-99NVLNC5" time="0.07">
  <properties/>
  <testcase name="testIsNextBatsmanAvailable()" classname="service.ScoreboardServiceTest" time="0.07"/>
  <system-out><![CDATA[]]></system-out>
  <system-err><![CDATA[]]></system-err>
</testsuite>
